# JRE version: OpenJDK Runtime Environment Corretto-17.0.6.10.1 (17.0.6+10) (build 17.0.6+10-LTS)
# Java VM: OpenJDK 64-Bit Server VM Corretto-17.0.6.10.1 (17.0.6+10-LTS, mixed mode, sharing, tiered, compressed oops, compressed class ptrs, g1 gc, windows-amd64)
GC Precious Log:
 CPUs: 8 total, 8 available
 Memory: 8033M
 Large Page Support: Disabled
 NUMA Support: Disabled
 Compressed Oops: Enabled (32-bit)
 Heap Region Size: 1M
 Heap Min Capacity: 8M
 Heap Initial Capacity: 126M
 Heap Max Capacity: 2010M
 Pre-touch: Disabled
 Parallel Workers: 8
 Concurrent Workers: 2
 Concurrent Refinement Workers: 8
 Periodic GC: Disabled
Heap:
 garbage-first heap   total 48128K, used 26895K [0x0000000082600000, 0x0000000100000000)
  region size 1024K, 4 young (4096K), 2 survivors (2048K)
 Metaspace       used 62065K, committed 62656K, reserved 1105920K
  class space    used 8353K, committed 8640K, reserved 1048576K
GC Heap History (20 events):
Event: 24.814 GC heap before
{Heap before GC invocations=6 (full 0):
 garbage-first heap   total 48128K, used 33797K [0x0000000082600000, 0x0000000100000000)
  region size 1024K, 19 young (19456K), 1 survivors (1024K)
 Metaspace       used 30456K, committed 30848K, reserved 1081344K
  class space    used 3954K, committed 4160K, reserved 1048576K
}
Event: 24.819 GC heap after
{Heap after GC invocations=7 (full 0):
 garbage-first heap   total 48128K, used 15806K [0x0000000082600000, 0x0000000100000000)
  region size 1024K, 2 young (2048K), 2 survivors (2048K)
 Metaspace       used 30456K, committed 30848K, reserved 1081344K
  class space    used 3954K, committed 4160K, reserved 1048576K
}
Event: 27.022 GC heap before
{Heap before GC invocations=7 (full 0):
 garbage-first heap   total 48128K, used 32190K [0x0000000082600000, 0x0000000100000000)
  region size 1024K, 19 young (19456K), 2 survivors (2048K)
 Metaspace       used 35744K, committed 36096K, reserved 1081344K
  class space    used 4627K, committed 4800K, reserved 1048576K
}
Event: 27.029 GC heap after
{Heap after GC invocations=8 (full 0):
 garbage-first heap   total 48128K, used 17352K [0x0000000082600000, 0x0000000100000000)
  region size 1024K, 3 young (3072K), 3 survivors (3072K)
 Metaspace       used 35744K, committed 36096K, reserved 1081344K
  class space    used 4627K, committed 4800K, reserved 1048576K
}
Event: 28.956 GC heap before
{Heap before GC invocations=9 (full 0):
 garbage-first heap   total 48128K, used 35784K [0x0000000082600000, 0x0000000100000000)
  region size 1024K, 21 young (21504K), 3 survivors (3072K)
 Metaspace       used 42992K, committed 43392K, reserved 1089536K
  class space    used 5577K, committed 5760K, reserved 1048576K
}
Event: 28.964 GC heap after
{Heap after GC invocations=10 (full 0):
 garbage-first heap   total 48128K, used 18909K [0x0000000082600000, 0x0000000100000000)
  region size 1024K, 2 young (2048K), 2 survivors (2048K)
 Metaspace       used 42992K, committed 43392K, reserved 1089536K
  class space    used 5577K, committed 5760K, reserved 1048576K
}
Event: 30.421 GC heap before
{Heap before GC invocations=10 (full 0):
 garbage-first heap   total 48128K, used 36317K [0x0000000082600000, 0x0000000100000000)
  region size 1024K, 19 young (19456K), 2 survivors (2048K)
 Metaspace       used 47931K, committed 48384K, reserved 1097728K
  class space    used 6400K, committed 6592K, reserved 1048576K
}
Event: 30.426 GC heap after
{Heap after GC invocations=11 (full 0):
 garbage-first heap   total 48128K, used 19891K [0x0000000082600000, 0x0000000100000000)
  region size 1024K, 3 young (3072K), 3 survivors (3072K)
 Metaspace       used 47931K, committed 48384K, reserved 1097728K
  class space    used 6400K, committed 6592K, reserved 1048576K
}
Event: 32.518 GC heap before
{Heap before GC invocations=11 (full 0):
 garbage-first heap   total 48128K, used 36275K [0x0000000082600000, 0x0000000100000000)
  region size 1024K, 20 young (20480K), 3 survivors (3072K)
 Metaspace       used 52039K, committed 52480K, reserved 1097728K
  class space    used 6973K, committed 7168K, reserved 1048576K
}
Event: 32.525 GC heap after
{Heap after GC invocations=12 (full 0):
 garbage-first heap   total 48128K, used 21010K [0x0000000082600000, 0x0000000100000000)
  region size 1024K, 3 young (3072K), 3 survivors (3072K)
 Metaspace       used 52039K, committed 52480K, reserved 1097728K
  class space    used 6973K, committed 7168K, reserved 1048576K
}
Event: 34.420 GC heap before
{Heap before GC invocations=12 (full 0):
 garbage-first heap   total 48128K, used 36370K [0x0000000082600000, 0x0000000100000000)
  region size 1024K, 19 young (19456K), 3 survivors (3072K)
 Metaspace       used 54510K, committed 54976K, reserved 1097728K
  class space    used 7313K, committed 7552K, reserved 1048576K
}
Event: 34.428 GC heap after
{Heap after GC invocations=13 (full 0):
 garbage-first heap   total 48128K, used 21958K [0x0000000082600000, 0x0000000100000000)
  region size 1024K, 3 young (3072K), 3 survivors (3072K)
 Metaspace       used 54510K, committed 54976K, reserved 1097728K
  class space    used 7313K, committed 7552K, reserved 1048576K
}
Event: 36.303 GC heap before
{Heap before GC invocations=13 (full 0):
 garbage-first heap   total 48128K, used 37318K [0x0000000082600000, 0x0000000100000000)
  region size 1024K, 18 young (18432K), 3 survivors (3072K)
 Metaspace       used 56671K, committed 57152K, reserved 1105920K
  class space    used 7609K, committed 7872K, reserved 1048576K
}
Event: 36.309 GC heap after
{Heap after GC invocations=14 (full 0):
 garbage-first heap   total 48128K, used 23436K [0x0000000082600000, 0x0000000100000000)
  region size 1024K, 3 young (3072K), 3 survivors (3072K)
 Metaspace       used 56671K, committed 57152K, reserved 1105920K
  class space    used 7609K, committed 7872K, reserved 1048576K
}
Event: 135.258 GC heap before
{Heap before GC invocations=14 (full 0):
 garbage-first heap   total 48128K, used 37772K [0x0000000082600000, 0x0000000100000000)
  region size 1024K, 17 young (17408K), 3 survivors (3072K)
 Metaspace       used 59292K, committed 59776K, reserved 1105920K
  class space    used 7935K, committed 8128K, reserved 1048576K
}
Event: 135.310 GC heap after
{Heap after GC invocations=15 (full 0):
 garbage-first heap   total 48128K, used 24804K [0x0000000082600000, 0x0000000100000000)
  region size 1024K, 3 young (3072K), 3 survivors (3072K)
 Metaspace       used 59292K, committed 59776K, reserved 1105920K
  class space    used 7935K, committed 8128K, reserved 1048576K
}
Event: 138.036 GC heap before
{Heap before GC invocations=15 (full 0):
 garbage-first heap   total 48128K, used 27876K [0x0000000082600000, 0x0000000100000000)
  region size 1024K, 7 young (7168K), 3 survivors (3072K)
 Metaspace       used 60132K, committed 60608K, reserved 1105920K
  class space    used 8092K, committed 8320K, reserved 1048576K
}
Event: 138.050 GC heap after
{Heap after GC invocations=16 (full 0):
 garbage-first heap   total 48128K, used 25280K [0x0000000082600000, 0x0000000100000000)
  region size 1024K, 1 young (1024K), 1 survivors (1024K)
 Metaspace       used 60132K, committed 60608K, reserved 1105920K
  class space    used 8092K, committed 8320K, reserved 1048576K
}
Event: 1823.715 GC heap before
{Heap before GC invocations=17 (full 0):
 garbage-first heap   total 48128K, used 37568K [0x0000000082600000, 0x0000000100000000)
  region size 1024K, 13 young (13312K), 1 survivors (1024K)
 Metaspace       used 61952K, committed 62528K, reserved 1105920K
  class space    used 8339K, committed 8640K, reserved 1048576K
}
Event: 1823.785 GC heap after
{Heap after GC invocations=18 (full 0):
 garbage-first heap   total 48128K, used 25871K [0x0000000082600000, 0x0000000100000000)
  region size 1024K, 2 young (2048K), 2 survivors (2048K)
 Metaspace       used 61952K, committed 62528K, reserved 1105920K
  class space    used 8339K, committed 8640K, reserved 1048576K
}

